<?xml version="1.0" encoding="UTF-8"?>
<!-- Generated by org.testng.reporters.JUnitXMLReporter -->
<testsuite hostname="DESKTOP-O7LM0VM" ignored="0" name="Test" tests="8" failures="0" timestamp="2021-05-07T19:20:50 IST" time="20.717" errors="0">
  <testcase name="login" time="2.291" classname="Test.TestAPICaseStudy"/>
  <testcase name="GetUser" time="0.747" classname="Test.TestAPICaseStudy"/>
  <testcase name="GetCategories" time="6.009" classname="Test.TestAPICaseStudy"/>
  <testcase name="AddProductCategories" time="1.223" classname="Test.TestAPICaseStudy"/>
  <testcase name="GetProductCategoriesByID" time="0.767" classname="Test.TestAPICaseStudy"/>
  <testcase name="DeleteProductCategoriesByID" time="0.714" classname="Test.TestAPICaseStudy"/>
  <testcase name="VerifyDeleteProductCategoriesByID" time="1.572" classname="Test.TestAPICaseStudy"/>
  <testcase name="Getlogout" time="0.792" classname="Test.TestAPICaseStudy"/>
</testsuite> <!-- Test -->
