<?xml version="1.0" encoding="UTF-8"?>
<!-- Generated by org.testng.reporters.JUnitXMLReporter -->
<testsuite hostname="DESKTOP-4CLOCJU" ignored="0" name="Default test" tests="5" failures="0" timestamp="2021-05-13T16:58:05 IST" time="8.828" errors="0">
  <testcase name="login" time="0.813" classname="Test.TestAPICaseStudy"/>
  <testcase name="GetUser" time="0.946" classname="Test.TestAPICaseStudy"/>
  <testcase name="AddUsers" time="1.409" classname="Test.TestAPICaseStudy"/>
  <testcase name="AddRewardPoints" time="0.735" classname="Test.TestAPICaseStudy"/>
  <testcase name="Getlogout" time="0.688" classname="Test.TestAPICaseStudy"/>
</testsuite> <!-- Default test -->
